[32mInstalling dependencies from lock file[39m
[32mVerifying lock file contents can be installed on current platform.[39m
[32mPackage operations: 91 installs, 0 updates, 0 removals[39m
    0 [>---------------------------][1G[2K    0 [->--------------------------][1G[2K    0 [--->------------------------][1G[2K  - Installing [32mvoku/portable-ascii[39m ([33m2.0.3[39m): Extracting archive
  - Installing [32msymfony/polyfill-php80[39m ([33mv1.33.0[39m): Extracting archive
  - Installing [32msymfony/polyfill-mbstring[39m ([33mv1.33.0[39m): Extracting archive
  - Installing [32msymfony/polyfill-ctype[39m ([33mv1.33.0[39m): Extracting archive
  - Installing [32mphpoption/phpoption[39m ([33m1.9.5[39m): Extracting archive
  - Installing [32mgraham-campbell/result-type[39m ([33mv1.1.4[39m): Extracting archive
  - Installing [32mvlucas/phpdotenv[39m ([33mv5.6.3[39m): Extracting archive
  - Installing [32msymfony/css-selector[39m ([33mv8.0.6[39m): Extracting archive
  - Installing [32mtijsverkoyen/css-to-inline-styles[39m ([33mv2.4.0[39m): Extracting archive
  - Installing [32msymfony/deprecation-contracts[39m ([33mv3.6.0[39m): Extracting archive
  - Installing [32msymfony/var-dumper[39m ([33mv7.4.6[39m): Extracting archive
  - Installing [32msymfony/polyfill-uuid[39m ([33mv1.33.0[39m): Extracting archive
  - Installing [32msymfony/uid[39m ([33mv7.4.4[39m): Extracting archive
  - Installing [32msymfony/routing[39m ([33mv7.4.6[39m): Extracting archive
  - Installing [32msymfony/process[39m ([33mv7.4.5[39m): Extracting archive
  - Installing [32msymfony/polyfill-php85[39m ([33mv1.33.0[39m): Extracting archive
  - Installing [32msymfony/polyfill-php84[39m ([33mv1.33.0[39m): Extracting archive
  - Installing [32msymfony/polyfill-php83[39m ([33mv1.33.0[39m): Extracting archive
  - Installing [32msymfony/polyfill-intl-normalizer[39m ([33mv1.33.0[39m): Extracting archive
  - Installing [32msymfony/polyfill-intl-idn[39m ([33mv1.33.0[39m): Extracting archive
  - Installing [32msymfony/mime[39m ([33mv7.4.6[39m): Extracting archive
  - Installing [32mpsr/container[39m ([33m2.0.2[39m): Extracting archive
  - Installing [32msymfony/service-contracts[39m ([33mv3.6.1[39m): Extracting archive
  - Installing [32mpsr/event-dispatcher[39m ([33m1.0.0[39m): Extracting archive
  - Installing [32msymfony/event-dispatcher-contracts[39m ([33mv3.6.0[39m): Extracting archive
  - Installing [32msymfony/event-dispatcher[39m ([33mv8.0.4[39m): Extracting archive
  - Installing [32mpsr/log[39m ([33m3.0.2[39m): Extracting archive
  - Installing [32mdoctrine/lexer[39m ([33m3.0.1[39m): Extracting archive
  - Installing [32megulias/email-validator[39m ([33m4.0.4[39m): Extracting archive
  - Installing [32msymfony/mailer[39m ([33mv7.4.6[39m): Extracting archive
  - Installing [32msymfony/http-foundation[39m ([33mv7.4.6[39m): Extracting archive
  - Installing [32msymfony/error-handler[39m ([33mv7.4.4[39m): Extracting archive
  - Installing [32msymfony/http-kernel[39m ([33mv7.4.6[39m): Extracting archive
  - Installing [32msymfony/finder[39m ([33mv7.4.6[39m): Extracting archive
  - Installing [32msymfony/polyfill-intl-grapheme[39m ([33mv1.33.0[39m): Extracting archive
  - Installing [32msymfony/string[39m ([33mv8.0.6[39m): Extracting archive
  - Installing [32msymfony/console[39m ([33mv7.4.6[39m): Extracting archive
  - Installing [32mramsey/collection[39m ([33m2.1.1[39m): Extracting archive
  - Installing [32mbrick/math[39m ([33m0.14.8[39m): Extracting archive
  - Installing [32mramsey/uuid[39m ([33m4.9.2[39m): Extracting archive
  - Installing [32mpsr/simple-cache[39m ([33m3.0.0[39m): Extracting archive
  - Installing [32mnunomaduro/termwind[39m ([33mv2.4.0[39m): Extracting archive
  - Installing [32msymfony/translation-contracts[39m ([33mv3.6.1[39m): Extracting archive
  - Installing [32msymfony/translation[39m ([33mv8.0.6[39m): Extracting archive
  - Installing [32mpsr/clock[39m ([33m1.0.0[39m): Extracting archive
  - Installing [32msymfony/clock[39m ([33mv8.0.0[39m): Extracting archive
  - Installing [32mcarbonphp/carbon-doctrine-types[39m ([33m3.2.0[39m): Extracting archive
  - Installing [32mnesbot/carbon[39m ([33m3.11.1[39m): Extracting archive
  - Installing [32mmonolog/monolog[39m ([33m3.10.0[39m): Extracting archive
  - Installing [32mpsr/http-message[39m ([33m2.0[39m): Extracting archive
  - Installing [32mpsr/http-factory[39m ([33m1.1.0[39m): Extracting archive
  - Installing [32mleague/uri-interfaces[39m ([33m7.8.0[39m): Extracting archive
  - Installing [32mleague/uri[39m ([33m7.8.0[39m): Extracting archive
  - Installing [32mleague/mime-type-detection[39m ([33m1.16.0[39m): Extracting archive
  - Installing [32mleague/flysystem-local[39m ([33m3.31.0[39m): Extracting archive
  - Installing [32mleague/flysystem[39m ([33m3.32.0[39m): Extracting archive
  - Installing [32mnette/utils[39m ([33mv4.1.3[39m): Extracting archive
  - Installing [32mnette/schema[39m ([33mv1.3.5[39m): Extracting archive
  - Installing [32mdflydev/dot-access-data[39m ([33mv3.0.3[39m): Extracting archive
  - Installing [32mleague/config[39m ([33mv1.2.0[39m): Extracting archive
  - Installing [32mleague/commonmark[39m ([33m2.8.0[39m): Extracting archive
  - Installing [32mlaravel/serializable-closure[39m ([33mv2.0.10[39m): Extracting archive
  - Installing [32mlaravel/prompts[39m ([33mv0.3.13[39m): Extracting archive
  - Installing [32mguzzlehttp/uri-template[39m ([33mv1.0.5[39m): Extracting archive
  - Installing [32mpsr/http-client[39m ([33m1.0.3[39m): Extracting archive
  - Installing [32mralouphie/getallheaders[39m ([33m3.0.3[39m): Extracting archive
  - Installing [32mguzzlehttp/psr7[39m ([33m2.8.0[39m): Extracting archive
  - Installing [32mguzzlehttp/promises[39m ([33m2.3.0[39m): Extracting archive
  - Installing [32mguzzlehttp/guzzle[39m ([33m7.10.0[39m): Extracting archive
  - Installing [32mfruitcake/php-cors[39m ([33mv1.4.0[39m): Extracting archive
  - Installing [32mdragonmantank/cron-expression[39m ([33mv3.6.0[39m): Extracting archive
  - Installing [32mdoctrine/inflector[39m ([33m2.1.0[39m): Extracting archive
  - Installing [32mlaravel/framework[39m ([33mv12.53.0[39m): Extracting archive
  - Installing [32mmasterminds/html5[39m ([33m2.10.0[39m): Extracting archive
  - Installing [32mthecodingmachine/safe[39m ([33mv3.4.0[39m): Extracting archive
  - Installing [32msabberworm/php-css-parser[39m ([33mv9.2.0[39m): Extracting archive
  - Installing [32mdompdf/php-svg-lib[39m ([33m1.0.2[39m): Extracting archive
  - Installing [32mdompdf/php-font-lib[39m ([33m1.0.2[39m): Extracting archive
  - Installing [32mdompdf/dompdf[39m ([33mv3.1.4[39m): Extracting archive
  - Installing [32mbarryvdh/laravel-dompdf[39m ([33mv3.1.1[39m): Extracting archive
  - Installing [32mdasprid/enum[39m ([33m1.0.7[39m): Extracting archive
  - Installing [32mparagonie/constant_time_encoding[39m ([33mv3.1.3[39m): Extracting archive
  - Installing [32mpragmarx/google2fa[39m ([33mv9.0.0[39m): Extracting archive
  - Installing [32mbacon/bacon-qr-code[39m ([33mv3.0.3[39m): Extracting archive
  - Installing [32mlaravel/fortify[39m ([33mv1.35.0[39m): Extracting archive
  - Installing [32mnikic/php-parser[39m ([33mv5.7.0[39m): Extracting archive
  - Installing [32mpsy/psysh[39m ([33mv0.12.20[39m): Extracting archive
  - Installing [32mlaravel/tinker[39m ([33mv2.11.1[39m): Extracting archive
  - Installing [32mlivewire/blaze[39m ([33mv1.0.2[39m): Extracting archive
  - Installing [32mlivewire/livewire[39m ([33mv4.2.0[39m): Extracting archive
  - Installing [32mlivewire/flux[39m ([33mv2.12.2[39m): Extracting archive
  0/91 [>---------------------------]   0%[1G[2K 10/91 [===>------------------------]  10%[1G[2K 15/91 [====>-----------------------]  16%[1G[2K 20/91 [======>---------------------]  21%[1G[2K 25/91 [=======>--------------------]  27%[1G[2K 29/91 [========>-------------------]  31%[1G[2K 34/91 [==========>-----------------]  37%[1G[2K 38/91 [===========>----------------]  41%[1G[2K 43/91 [=============>--------------]  47%[1G[2K 47/91 [==============>-------------]  51%[1G[2K 52/91 [================>-----------]  57%[1G[2K 56/91 [=================>----------]  61%[1G[2K 60/91 [==================>---------]  65%[1G[2K 64/91 [===================>--------]  70%[1G[2K 69/91 [=====================>------]  75%[1G[2K 73/91 [======================>-----]  80%[1G[2K 79/91 [========================>---]  86%[1G[2K 82/91 [=========================>--]  90%[1G[2K 84/91 [=========================>--]  92%[1G[2K 87/91 [==========================>-]  95%[1G[2K 88/91 [===========================>]  96%[1G[2K 89/91 [===========================>]  97%[1G[2K 90/91 [===========================>]  98%[1G[2K 91/91 [============================] 100%[1G[2K[32mGenerating autoload files[39m
[32m56 packages you are using are looking for funding.[39m
[32mUse the `composer fund` command to find out more![39m
